2025-04-20 21:16:04 error: Ha ocurrido un error en createUser Controller apellido is not defined
2025-04-20 21:19:35 error: Ha ocurrido un error en createUser Controller apellido is not defined
2025-04-20 21:19:37 error: Ha ocurrido un error en createUser Controller apellido is not defined
2025-04-20 21:19:40 error: Ha ocurrido un error en createUser Controller apellido is not defined
2025-04-20 21:19:46 error: Ha ocurrido un error en createUser Controller apellido is not defined
2025-04-20 21:27:11 error: Ha ocurrido un error en createUser Controller apellido is not defined
2025-04-20 21:28:27 error: Ha ocurrido un error en createUser Controller apellido is not defined
2025-04-20 21:30:01 error: Ha ocurrido un error en createUser Controller apellido is not defined
2025-04-20 21:30:03 error: Ha ocurrido un error en createUser Controller apellido is not defined
2025-04-20 21:32:50 error: Ha ocurrido un error en createUser Controller apellido is not defined
2025-04-20 21:35:50 error: Ha ocurrido un error en createUser Controller apellido is not defined
2025-04-20 21:36:56 error: Ha ocurrido un error en createUser Controller apellido is not defined
2025-04-20 21:37:57 error: Ha ocurrido un error en createUser Controller apellido is not defined
2025-04-20 21:38:00 error: Ha ocurrido un error en createUser Controller apellido is not defined
2025-04-20 21:38:02 error: Ha ocurrido un error en createUser Controller apellido is not defined
2025-04-20 21:38:02 error: Ha ocurrido un error en createUser Controller apellido is not defined
2025-04-20 21:38:03 error: Ha ocurrido un error en createUser Controller apellido is not defined
2025-04-20 21:38:03 error: Ha ocurrido un error en createUser Controller apellido is not defined
2025-04-20 21:38:03 error: Ha ocurrido un error en createUser Controller apellido is not defined
2025-04-20 21:38:04 error: Ha ocurrido un error en createUser Controller apellido is not defined
2025-04-20 21:57:12 error: Ha ocurrido un error en createUser Controller apellido is not defined
2025-04-20 21:57:14 error: Ha ocurrido un error en createUser Controller apellido is not defined
2025-04-20 21:57:15 error: Ha ocurrido un error en createUser Controller apellido is not defined
2025-04-20 21:59:26 error: Ha ocurrido un error en createUser Controller La contraseña debe contener 9 caracteres, 4 letras, 4 números, un caracter especial y como mínimo una mayuscula, una minúscula
2025-04-20 22:00:09 error: Ha ocurrido un error en createUser Controller telefono is not defined
2025-04-20 22:00:23 error: Ha ocurrido un error en createUser Controller sendEmail is not defined
2025-04-20 22:03:39 error: Ha ocurrido un error en createUser Controller Ya existe un usuario registrado con ese Email
2025-04-20 22:03:55 error: Ha ocurrido un error en createUser Controller Ya existe un usuario registrado con ese Email
2025-04-20 22:04:08 error: Ha ocurrido un error en createUser Controller Ya existe un usuario registrado con ese Email
2025-04-21 00:10:26 error: Ha ocurrido un error en issuetoken Middleware data and hash arguments required
2025-04-21 00:15:29 error: Ha ocurrido un error en issuetoken Middleware secretOrPrivateKey must have a value
2025-04-21 00:15:31 error: Ha ocurrido un error en issuetoken Middleware secretOrPrivateKey must have a value
2025-04-21 00:15:58 error: Ha ocurrido un error en issuetoken Middleware secretOrPrivateKey must have a value
2025-04-21 00:16:24 error: Ha ocurrido un error en issuetoken Middleware secretOrPrivateKey must have a value
2025-04-21 00:21:28 error: Ha ocurrido un error en issuetoken Middleware secretOrPrivateKey must have a value
2025-04-21 00:21:30 error: Ha ocurrido un error en issuetoken Middleware secretOrPrivateKey must have a value
2025-04-21 00:22:56 error: Ha ocurrido un error en issuetoken Middleware Email o contraseña incorrectos
2025-04-21 10:10:34 error: Ha ocurrido un error en createUser Controller sendEmail is not defined
2025-04-23 14:35:38 error: Ha ocurrido un error en forgotPassword Controller username is not defined
2025-04-23 14:39:25 error: Ha ocurrido un error en forgotPassword Controller username is not defined
2025-04-23 14:54:50 error: Ha ocurrido un error en authMiddleware Middleware El token es inválido o ha caducado
2025-04-23 14:55:31 error: Ha ocurrido un error en authMiddleware Middleware El token es inválido o ha caducado
2025-04-23 14:55:58 error: Ha ocurrido un error en authMiddleware Middleware El token es inválido o ha caducado
